{
    "Node Type": "Nested Loop",
    "Parallel Aware": false,
    "Join Type": "Inner",
    "Startup Cost": 0.42,
    "Total Cost": 28024.04,
    "Plan Rows": 1,
    "Plan Width": 106,
    "Plans": [
        {
            "Node Type": "Seq Scan",
            "Parent Relationship": "Outer",
            "Parallel Aware": false,
            "Relation Name": "pub_auth",
            "Alias": "pub_auth",
            "Startup Cost": 0.0,
            "Total Cost": 27981.76,
            "Plan Rows": 5,
            "Plan Width": 23,
            "Filter": "((author)::text = 'Hongli Xu'::text)"
        },
        {
            "Node Type": "Index Scan",
            "Parent Relationship": "Inner",
            "Parallel Aware": false,
            "Scan Direction": "Forward",
            "Index Name": "publication_pkey",
            "Relation Name": "publication",
            "Alias": "publication",
            "Startup Cost": 0.42,
            "Total Cost": 8.45,
            "Plan Rows": 1,
            "Plan Width": 106,
            "Index Cond": "((pub_key)::text = (pub_auth.pub_key)::text)",
            "Filter": "(year = 2015)"
        }
    ]
}
