{
    "Node Type": "Unique",
    "Parallel Aware": false,
    "Startup Cost": 38092.22,
    "Total Cost": 38100.57,
    "Plan Rows": 121,
    "Plan Width": 15,
    "Plans": [
        {
            "Node Type": "Subquery Scan",
            "Parent Relationship": "Outer",
            "Parallel Aware": false,
            "Alias": "tmp_a",
            "Startup Cost": 38092.22,
            "Total Cost": 38100.23,
            "Plan Rows": 134,
            "Plan Width": 15,
            "Filter": "(NOT (hashed SubPlan 1))",
            "Plans": [
                {
                    "Node Type": "Aggregate",
                    "Strategy": "Sorted",
                    "Partial Mode": "Simple",
                    "Parent Relationship": "Subquery",
                    "Parallel Aware": false,
                    "Startup Cost": 19045.11,
                    "Total Cost": 19049.78,
                    "Plan Rows": 267,
                    "Plan Width": 23,
                    "Group Key": [
                        "a.author"
                    ],
                    "Filter": "(count(a.author) >= 15)",
                    "Plans": [
                        {
                            "Node Type": "Sort",
                            "Parent Relationship": "Outer",
                            "Parallel Aware": false,
                            "Startup Cost": 19045.11,
                            "Total Cost": 19045.78,
                            "Plan Rows": 267,
                            "Plan Width": 15,
                            "Sort Key": [
                                "a.author"
                            ],
                            "Plans": [
                                {
                                    "Node Type": "Nested Loop",
                                    "Parent Relationship": "Outer",
                                    "Parallel Aware": false,
                                    "Join Type": "Inner",
                                    "Startup Cost": 0.43,
                                    "Total Cost": 19034.35,
                                    "Plan Rows": 267,
                                    "Plan Width": 15,
                                    "Plans": [
                                        {
                                            "Node Type": "Seq Scan",
                                            "Parent Relationship": "Outer",
                                            "Parallel Aware": false,
                                            "Relation Name": "publication",
                                            "Alias": "b",
                                            "Startup Cost": 0.0,
                                            "Total Cost": 16963.36,
                                            "Plan Rows": 116,
                                            "Plan Width": 22,
                                            "Filter": "((title_abbrev)::text = 'pvldb'::text)"
                                        },
                                        {
                                            "Node Type": "Index Only Scan",
                                            "Parent Relationship": "Inner",
                                            "Parallel Aware": false,
                                            "Scan Direction": "Forward",
                                            "Index Name": "pub_auth_pkey",
                                            "Relation Name": "pub_auth",
                                            "Alias": "a",
                                            "Startup Cost": 0.43,
                                            "Total Cost": 17.81,
                                            "Plan Rows": 4,
                                            "Plan Width": 38,
                                            "Index Cond": "(pub_key = (b.pub_key)::text)"
                                        }
                                    ]
                                }
                            ]
                        }
                    ]
                },
                {
                    "Node Type": "Group",
                    "Parent Relationship": "SubPlan",
                    "Subplan Name": "SubPlan 1",
                    "Parallel Aware": false,
                    "Startup Cost": 19045.11,
                    "Total Cost": 19046.45,
                    "Plan Rows": 267,
                    "Plan Width": 15,
                    "Group Key": [
                        "a_1.author"
                    ],
                    "Plans": [
                        {
                            "Node Type": "Sort",
                            "Parent Relationship": "Outer",
                            "Parallel Aware": false,
                            "Startup Cost": 19045.11,
                            "Total Cost": 19045.78,
                            "Plan Rows": 267,
                            "Plan Width": 15,
                            "Sort Key": [
                                "a_1.author"
                            ],
                            "Plans": [
                                {
                                    "Node Type": "Nested Loop",
                                    "Parent Relationship": "Outer",
                                    "Parallel Aware": false,
                                    "Join Type": "Inner",
                                    "Startup Cost": 0.43,
                                    "Total Cost": 19034.35,
                                    "Plan Rows": 267,
                                    "Plan Width": 15,
                                    "Plans": [
                                        {
                                            "Node Type": "Seq Scan",
                                            "Parent Relationship": "Outer",
                                            "Parallel Aware": false,
                                            "Relation Name": "publication",
                                            "Alias": "b_1",
                                            "Startup Cost": 0.0,
                                            "Total Cost": 16963.36,
                                            "Plan Rows": 116,
                                            "Plan Width": 22,
                                            "Filter": "((title_abbrev)::text = 'kdd'::text)"
                                        },
                                        {
                                            "Node Type": "Index Only Scan",
                                            "Parent Relationship": "Inner",
                                            "Parallel Aware": false,
                                            "Scan Direction": "Forward",
                                            "Index Name": "pub_auth_pkey",
                                            "Relation Name": "pub_auth",
                                            "Alias": "a_1",
                                            "Startup Cost": 0.43,
                                            "Total Cost": 17.81,
                                            "Plan Rows": 4,
                                            "Plan Width": 38,
                                            "Index Cond": "(pub_key = (b_1.pub_key)::text)"
                                        }
                                    ]
                                }
                            ]
                        }
                    ]
                }
            ]
        }
    ]
}
