{
    "Node Type": "Nested Loop",
    "Parallel Aware": false,
    "Join Type": "Inner",
    "Startup Cost": 99726.34,
    "Total Cost": 99726.48,
    "Plan Rows": 1,
    "Plan Width": 40,
    "Plans": [
        {
            "Node Type": "Nested Loop",
            "Parent Relationship": "Outer",
            "Parallel Aware": false,
            "Join Type": "Inner",
            "Startup Cost": 79597.71,
            "Total Cost": 79597.82,
            "Plan Rows": 1,
            "Plan Width": 32,
            "Plans": [
                {
                    "Node Type": "Nested Loop",
                    "Parent Relationship": "Outer",
                    "Parallel Aware": false,
                    "Join Type": "Inner",
                    "Startup Cost": 59568.91,
                    "Total Cost": 59568.99,
                    "Plan Rows": 1,
                    "Plan Width": 24,
                    "Plans": [
                        {
                            "Node Type": "Nested Loop",
                            "Parent Relationship": "Outer",
                            "Parallel Aware": false,
                            "Join Type": "Inner",
                            "Startup Cost": 39691.18,
                            "Total Cost": 39691.23,
                            "Plan Rows": 1,
                            "Plan Width": 16,
                            "Plans": [
                                {
                                    "Node Type": "Aggregate",
                                    "Strategy": "Plain",
                                    "Partial Mode": "Simple",
                                    "Parent Relationship": "Outer",
                                    "Parallel Aware": false,
                                    "Startup Cost": 19841.76,
                                    "Total Cost": 19841.76,
                                    "Plan Rows": 1,
                                    "Plan Width": 8,
                                    "Plans": [
                                        {
                                            "Node Type": "Seq Scan",
                                            "Parent Relationship": "Outer",
                                            "Parallel Aware": false,
                                            "Relation Name": "publication",
                                            "Alias": "publication",
                                            "Startup Cost": 0.0,
                                            "Total Cost": 19838.31,
                                            "Plan Rows": 1379,
                                            "Plan Width": 22,
                                            "Filter": "((year >= 1970) AND (year <= 1979) AND ((pub_class)::text = 'inproceedings'::text))"
                                        }
                                    ]
                                },
                                {
                                    "Node Type": "Aggregate",
                                    "Strategy": "Plain",
                                    "Partial Mode": "Simple",
                                    "Parent Relationship": "Inner",
                                    "Parallel Aware": false,
                                    "Startup Cost": 19849.43,
                                    "Total Cost": 19849.44,
                                    "Plan Rows": 1,
                                    "Plan Width": 8,
                                    "Plans": [
                                        {
                                            "Node Type": "Seq Scan",
                                            "Parent Relationship": "Outer",
                                            "Parallel Aware": false,
                                            "Relation Name": "publication",
                                            "Alias": "publication_1",
                                            "Startup Cost": 0.0,
                                            "Total Cost": 19838.31,
                                            "Plan Rows": 4447,
                                            "Plan Width": 22,
                                            "Filter": "((year >= 1980) AND (year <= 1989) AND ((pub_class)::text = 'inproceedings'::text))"
                                        }
                                    ]
                                }
                            ]
                        },
                        {
                            "Node Type": "Aggregate",
                            "Strategy": "Plain",
                            "Partial Mode": "Simple",
                            "Parent Relationship": "Inner",
                            "Parallel Aware": false,
                            "Startup Cost": 19877.73,
                            "Total Cost": 19877.74,
                            "Plan Rows": 1,
                            "Plan Width": 8,
                            "Plans": [
                                {
                                    "Node Type": "Seq Scan",
                                    "Parent Relationship": "Outer",
                                    "Parallel Aware": false,
                                    "Relation Name": "publication",
                                    "Alias": "publication_2",
                                    "Startup Cost": 0.0,
                                    "Total Cost": 19838.31,
                                    "Plan Rows": 15767,
                                    "Plan Width": 22,
                                    "Filter": "((year >= 1990) AND (year <= 1999) AND ((pub_class)::text = 'inproceedings'::text))"
                                }
                            ]
                        }
                    ]
                },
                {
                    "Node Type": "Aggregate",
                    "Strategy": "Plain",
                    "Partial Mode": "Simple",
                    "Parent Relationship": "Inner",
                    "Parallel Aware": false,
                    "Startup Cost": 20028.81,
                    "Total Cost": 20028.82,
                    "Plan Rows": 1,
                    "Plan Width": 8,
                    "Plans": [
                        {
                            "Node Type": "Seq Scan",
                            "Parent Relationship": "Outer",
                            "Parallel Aware": false,
                            "Relation Name": "publication",
                            "Alias": "publication_3",
                            "Startup Cost": 0.0,
                            "Total Cost": 19838.31,
                            "Plan Rows": 76200,
                            "Plan Width": 22,
                            "Filter": "((year >= 2000) AND (year <= 2009) AND ((pub_class)::text = 'inproceedings'::text))"
                        }
                    ]
                }
            ]
        },
        {
            "Node Type": "Aggregate",
            "Strategy": "Plain",
            "Partial Mode": "Simple",
            "Parent Relationship": "Inner",
            "Parallel Aware": false,
            "Startup Cost": 20128.63,
            "Total Cost": 20128.64,
            "Plan Rows": 1,
            "Plan Width": 8,
            "Plans": [
                {
                    "Node Type": "Seq Scan",
                    "Parent Relationship": "Outer",
                    "Parallel Aware": false,
                    "Relation Name": "publication",
                    "Alias": "publication_4",
                    "Startup Cost": 0.0,
                    "Total Cost": 19838.31,
                    "Plan Rows": 116127,
                    "Plan Width": 22,
                    "Filter": "((year >= 2010) AND (year <= 2019) AND ((pub_class)::text = 'inproceedings'::text))"
                }
            ]
        }
    ]
}
